Build started 7/19/2020 5:10:20 PM.
     1>Project "C:\Users\Georgegege\Documents\Visual Studio 2010\Projects\NewOpenGL\TR_GRAFKOM_672018014\NewOpenGL.vcxproj" on node 2 (build target(s)).
     1>InitializeBuildStatus:
         Creating "Debug\NewOpenGL.unsuccessfulbuild" because "AlwaysCreate" was specified.
       ClCompile:
         C:\Program Files (x86)\Microsoft Visual Studio 10.0\VC\bin\CL.exe /c /I"C:\Users\Georgegege\Downloads\Glew and Glut\freeglut\include" /I"C:\Users\Georgegege\Downloads\Glew and Glut\glew-1.11.0\include" /Zi /nologo /W3 /WX- /Od /Oy- /D _MBCS /Gm /EHsc /RTC1 /MDd /GS /fp:precise /Zc:wchar_t /Zc:forScope /Fo"Debug\\" /Fd"Debug\vc100.pdb" /Gd /TP /analyze- /errorReport:prompt "TR Asdos Grafkom E.cpp"
         TR Asdos Grafkom E.cpp
     1>TR Asdos Grafkom E.cpp(23): warning C4244: 'argument' : conversion from 'double' to 'GLint', possible loss of data
     1>TR Asdos Grafkom E.cpp(23): warning C4244: 'argument' : conversion from 'double' to 'GLint', possible loss of data
     1>TR Asdos Grafkom E.cpp(33): warning C4305: 'argument' : truncation from 'double' to 'GLfloat'
     1>TR Asdos Grafkom E.cpp(33): warning C4305: 'argument' : truncation from 'double' to 'GLfloat'
     1>TR Asdos Grafkom E.cpp(40): warning C4305: 'argument' : truncation from 'double' to 'GLfloat'
     1>TR Asdos Grafkom E.cpp(40): warning C4305: 'argument' : truncation from 'double' to 'GLfloat'
     1>TR Asdos Grafkom E.cpp(47): warning C4305: 'argument' : truncation from 'double' to 'GLfloat'
     1>TR Asdos Grafkom E.cpp(47): warning C4305: 'argument' : truncation from 'double' to 'GLfloat'
     1>TR Asdos Grafkom E.cpp(54): warning C4305: 'argument' : truncation from 'double' to 'GLfloat'
     1>TR Asdos Grafkom E.cpp(54): warning C4305: 'argument' : truncation from 'double' to 'GLfloat'
     1>TR Asdos Grafkom E.cpp(61): warning C4305: 'argument' : truncation from 'double' to 'GLfloat'
     1>TR Asdos Grafkom E.cpp(61): warning C4305: 'argument' : truncation from 'double' to 'GLfloat'
     1>TR Asdos Grafkom E.cpp(61): warning C4305: 'argument' : truncation from 'double' to 'GLfloat'
     1>TR Asdos Grafkom E.cpp(68): warning C4305: 'argument' : truncation from 'double' to 'GLfloat'
     1>TR Asdos Grafkom E.cpp(68): warning C4305: 'argument' : truncation from 'double' to 'GLfloat'
     1>TR Asdos Grafkom E.cpp(68): warning C4305: 'argument' : truncation from 'double' to 'GLfloat'
     1>TR Asdos Grafkom E.cpp(83): warning C4305: 'argument' : truncation from 'double' to 'GLfloat'
     1>TR Asdos Grafkom E.cpp(84): warning C4305: 'argument' : truncation from 'double' to 'GLfloat'
     1>TR Asdos Grafkom E.cpp(85): warning C4305: 'argument' : truncation from 'double' to 'GLfloat'
     1>TR Asdos Grafkom E.cpp(86): warning C4305: 'argument' : truncation from 'double' to 'GLfloat'
     1>TR Asdos Grafkom E.cpp(90): warning C4305: 'argument' : truncation from 'double' to 'GLfloat'
     1>TR Asdos Grafkom E.cpp(93): warning C4305: 'argument' : truncation from 'double' to 'GLfloat'
     1>TR Asdos Grafkom E.cpp(97): warning C4305: 'argument' : truncation from 'double' to 'GLfloat'
     1>TR Asdos Grafkom E.cpp(100): warning C4305: 'argument' : truncation from 'double' to 'GLfloat'
     1>TR Asdos Grafkom E.cpp(104): warning C4305: 'argument' : truncation from 'double' to 'GLfloat'
     1>TR Asdos Grafkom E.cpp(107): warning C4305: 'argument' : truncation from 'double' to 'GLfloat'
     1>TR Asdos Grafkom E.cpp(111): warning C4305: 'argument' : truncation from 'double' to 'GLfloat'
     1>TR Asdos Grafkom E.cpp(114): warning C4305: 'argument' : truncation from 'double' to 'GLfloat'
     1>TR Asdos Grafkom E.cpp(125): warning C4305: 'argument' : truncation from 'double' to 'GLfloat'
     1>TR Asdos Grafkom E.cpp(126): warning C4305: 'argument' : truncation from 'double' to 'GLfloat'
     1>TR Asdos Grafkom E.cpp(127): warning C4305: 'argument' : truncation from 'double' to 'GLfloat'
     1>TR Asdos Grafkom E.cpp(128): warning C4305: 'argument' : truncation from 'double' to 'GLfloat'
     1>TR Asdos Grafkom E.cpp(132): warning C4305: 'argument' : truncation from 'double' to 'GLfloat'
     1>TR Asdos Grafkom E.cpp(135): warning C4305: 'argument' : truncation from 'double' to 'GLfloat'
     1>TR Asdos Grafkom E.cpp(139): warning C4305: 'argument' : truncation from 'double' to 'GLfloat'
     1>TR Asdos Grafkom E.cpp(142): warning C4305: 'argument' : truncation from 'double' to 'GLfloat'
     1>TR Asdos Grafkom E.cpp(146): warning C4305: 'argument' : truncation from 'double' to 'GLfloat'
     1>TR Asdos Grafkom E.cpp(149): warning C4305: 'argument' : truncation from 'double' to 'GLfloat'
     1>TR Asdos Grafkom E.cpp(153): warning C4305: 'argument' : truncation from 'double' to 'GLfloat'
     1>TR Asdos Grafkom E.cpp(156): warning C4305: 'argument' : truncation from 'double' to 'GLfloat'
     1>TR Asdos Grafkom E.cpp(167): warning C4305: 'argument' : truncation from 'double' to 'GLfloat'
     1>TR Asdos Grafkom E.cpp(168): warning C4305: 'argument' : truncation from 'double' to 'GLfloat'
     1>TR Asdos Grafkom E.cpp(169): warning C4305: 'argument' : truncation from 'double' to 'GLfloat'
     1>TR Asdos Grafkom E.cpp(170): warning C4305: 'argument' : truncation from 'double' to 'GLfloat'
     1>TR Asdos Grafkom E.cpp(174): warning C4305: 'argument' : truncation from 'double' to 'GLfloat'
     1>TR Asdos Grafkom E.cpp(177): warning C4305: 'argument' : truncation from 'double' to 'GLfloat'
     1>TR Asdos Grafkom E.cpp(181): warning C4305: 'argument' : truncation from 'double' to 'GLfloat'
     1>TR Asdos Grafkom E.cpp(184): warning C4305: 'argument' : truncation from 'double' to 'GLfloat'
     1>TR Asdos Grafkom E.cpp(188): warning C4305: 'argument' : truncation from 'double' to 'GLfloat'
     1>TR Asdos Grafkom E.cpp(191): warning C4305: 'argument' : truncation from 'double' to 'GLfloat'
     1>TR Asdos Grafkom E.cpp(195): warning C4305: 'argument' : truncation from 'double' to 'GLfloat'
     1>TR Asdos Grafkom E.cpp(198): warning C4305: 'argument' : truncation from 'double' to 'GLfloat'
     1>TR Asdos Grafkom E.cpp(209): warning C4305: 'argument' : truncation from 'double' to 'GLfloat'
     1>TR Asdos Grafkom E.cpp(210): warning C4305: 'argument' : truncation from 'double' to 'GLfloat'
     1>TR Asdos Grafkom E.cpp(211): warning C4305: 'argument' : truncation from 'double' to 'GLfloat'
     1>TR Asdos Grafkom E.cpp(212): warning C4305: 'argument' : truncation from 'double' to 'GLfloat'
     1>TR Asdos Grafkom E.cpp(216): warning C4305: 'argument' : truncation from 'double' to 'GLfloat'
     1>TR Asdos Grafkom E.cpp(219): warning C4305: 'argument' : truncation from 'double' to 'GLfloat'
     1>TR Asdos Grafkom E.cpp(223): warning C4305: 'argument' : truncation from 'double' to 'GLfloat'
     1>TR Asdos Grafkom E.cpp(226): warning C4305: 'argument' : truncation from 'double' to 'GLfloat'
     1>TR Asdos Grafkom E.cpp(230): warning C4305: 'argument' : truncation from 'double' to 'GLfloat'
     1>TR Asdos Grafkom E.cpp(233): warning C4305: 'argument' : truncation from 'double' to 'GLfloat'
     1>TR Asdos Grafkom E.cpp(237): warning C4305: 'argument' : truncation from 'double' to 'GLfloat'
     1>TR Asdos Grafkom E.cpp(240): warning C4305: 'argument' : truncation from 'double' to 'GLfloat'
     1>TR Asdos Grafkom E.cpp(1287): warning C4305: 'argument' : truncation from 'double' to 'GLfloat'
     1>TR Asdos Grafkom E.cpp(1288): warning C4305: 'argument' : truncation from 'double' to 'GLfloat'
     1>TR Asdos Grafkom E.cpp(1289): warning C4305: 'argument' : truncation from 'double' to 'GLfloat'
     1>TR Asdos Grafkom E.cpp(1290): warning C4305: 'argument' : truncation from 'double' to 'GLfloat'
     1>TR Asdos Grafkom E.cpp(1291): warning C4305: 'argument' : truncation from 'double' to 'GLfloat'
     1>TR Asdos Grafkom E.cpp(1317): warning C4305: 'argument' : truncation from 'double' to 'GLfloat'
     1>TR Asdos Grafkom E.cpp(1317): warning C4305: 'argument' : truncation from 'double' to 'GLfloat'
     1>TR Asdos Grafkom E.cpp(1317): warning C4305: 'argument' : truncation from 'double' to 'GLfloat'
     1>TR Asdos Grafkom E.cpp(1327): warning C4305: 'argument' : truncation from 'double' to 'GLfloat'
     1>TR Asdos Grafkom E.cpp(1328): warning C4305: 'argument' : truncation from 'double' to 'GLfloat'
     1>TR Asdos Grafkom E.cpp(1329): warning C4305: 'argument' : truncation from 'double' to 'GLfloat'
     1>TR Asdos Grafkom E.cpp(1330): warning C4305: 'argument' : truncation from 'double' to 'GLfloat'
     1>TR Asdos Grafkom E.cpp(1331): warning C4305: 'argument' : truncation from 'double' to 'GLfloat'
     1>TR Asdos Grafkom E.cpp(1335): warning C4305: 'argument' : truncation from 'double' to 'GLfloat'
     1>TR Asdos Grafkom E.cpp(1335): warning C4305: 'argument' : truncation from 'double' to 'GLfloat'
     1>TR Asdos Grafkom E.cpp(1335): warning C4305: 'argument' : truncation from 'double' to 'GLfloat'
     1>TR Asdos Grafkom E.cpp(1336): warning C4305: 'argument' : truncation from 'double' to 'GLfloat'
     1>TR Asdos Grafkom E.cpp(1337): warning C4305: 'argument' : truncation from 'double' to 'GLfloat'
     1>TR Asdos Grafkom E.cpp(1338): warning C4305: 'argument' : truncation from 'double' to 'GLfloat'
     1>TR Asdos Grafkom E.cpp(1339): warning C4305: 'argument' : truncation from 'double' to 'GLfloat'
     1>TR Asdos Grafkom E.cpp(1345): warning C4305: 'argument' : truncation from 'double' to 'GLfloat'
     1>TR Asdos Grafkom E.cpp(1346): warning C4305: 'argument' : truncation from 'double' to 'GLfloat'
     1>TR Asdos Grafkom E.cpp(1347): warning C4305: 'argument' : truncation from 'double' to 'GLfloat'
     1>TR Asdos Grafkom E.cpp(1348): warning C4305: 'argument' : truncation from 'double' to 'GLfloat'
     1>TR Asdos Grafkom E.cpp(1349): warning C4305: 'argument' : truncation from 'double' to 'GLfloat'
     1>TR Asdos Grafkom E.cpp(1354): warning C4305: 'argument' : truncation from 'double' to 'GLfloat'
     1>TR Asdos Grafkom E.cpp(1355): warning C4305: 'argument' : truncation from 'double' to 'GLfloat'
     1>TR Asdos Grafkom E.cpp(1356): warning C4305: 'argument' : truncation from 'double' to 'GLfloat'
     1>TR Asdos Grafkom E.cpp(1357): warning C4305: 'argument' : truncation from 'double' to 'GLfloat'
     1>TR Asdos Grafkom E.cpp(1361): warning C4305: 'argument' : truncation from 'double' to 'GLfloat'
     1>TR Asdos Grafkom E.cpp(1362): warning C4305: 'argument' : truncation from 'double' to 'GLfloat'
     1>TR Asdos Grafkom E.cpp(1367): warning C4305: 'argument' : truncation from 'double' to 'GLfloat'
     1>TR Asdos Grafkom E.cpp(1368): warning C4305: 'argument' : truncation from 'double' to 'GLfloat'
     1>TR Asdos Grafkom E.cpp(1369): warning C4305: 'argument' : truncation from 'double' to 'GLfloat'
     1>TR Asdos Grafkom E.cpp(1370): warning C4305: 'argument' : truncation from 'double' to 'GLfloat'
     1>TR Asdos Grafkom E.cpp(1371): warning C4305: 'argument' : truncation from 'double' to 'GLfloat'
     1>TR Asdos Grafkom E.cpp(1374): warning C4305: 'argument' : truncation from 'double' to 'GLfloat'
     1>TR Asdos Grafkom E.cpp(1375): warning C4305: 'argument' : truncation from 'double' to 'GLfloat'
     1>TR Asdos Grafkom E.cpp(1376): warning C4305: 'argument' : truncation from 'double' to 'GLfloat'
     1>TR Asdos Grafkom E.cpp(1377): warning C4305: 'argument' : truncation from 'double' to 'GLfloat'
     1>TR Asdos Grafkom E.cpp(1378): warning C4305: 'argument' : truncation from 'double' to 'GLfloat'
     1>TR Asdos Grafkom E.cpp(1382): warning C4305: 'argument' : truncation from 'double' to 'GLfloat'
     1>TR Asdos Grafkom E.cpp(1383): warning C4305: 'argument' : truncation from 'double' to 'GLfloat'
     1>TR Asdos Grafkom E.cpp(1384): warning C4305: 'argument' : truncation from 'double' to 'GLfloat'
     1>TR Asdos Grafkom E.cpp(1385): warning C4305: 'argument' : truncation from 'double' to 'GLfloat'
     1>TR Asdos Grafkom E.cpp(1386): warning C4305: 'argument' : truncation from 'double' to 'GLfloat'
     1>TR Asdos Grafkom E.cpp(1390): warning C4305: 'argument' : truncation from 'double' to 'GLfloat'
     1>TR Asdos Grafkom E.cpp(1391): warning C4305: 'argument' : truncation from 'double' to 'GLfloat'
     1>TR Asdos Grafkom E.cpp(1392): warning C4305: 'argument' : truncation from 'double' to 'GLfloat'
     1>TR Asdos Grafkom E.cpp(1393): warning C4305: 'argument' : truncation from 'double' to 'GLfloat'
     1>TR Asdos Grafkom E.cpp(1397): warning C4305: 'argument' : truncation from 'double' to 'GLfloat'
     1>TR Asdos Grafkom E.cpp(1398): warning C4305: 'argument' : truncation from 'double' to 'GLfloat'
     1>TR Asdos Grafkom E.cpp(1402): warning C4305: 'argument' : truncation from 'double' to 'GLfloat'
     1>TR Asdos Grafkom E.cpp(1402): warning C4305: 'argument' : truncation from 'double' to 'GLfloat'
     1>TR Asdos Grafkom E.cpp(1402): warning C4305: 'argument' : truncation from 'double' to 'GLfloat'
     1>TR Asdos Grafkom E.cpp(1403): warning C4305: 'argument' : truncation from 'double' to 'GLfloat'
     1>TR Asdos Grafkom E.cpp(1404): warning C4305: 'argument' : truncation from 'double' to 'GLfloat'
     1>TR Asdos Grafkom E.cpp(1405): warning C4305: 'argument' : truncation from 'double' to 'GLfloat'
     1>TR Asdos Grafkom E.cpp(1406): warning C4305: 'argument' : truncation from 'double' to 'GLfloat'
     1>TR Asdos Grafkom E.cpp(1409): warning C4305: 'argument' : truncation from 'double' to 'GLfloat'
     1>TR Asdos Grafkom E.cpp(1409): warning C4305: 'argument' : truncation from 'double' to 'GLfloat'
     1>TR Asdos Grafkom E.cpp(1409): warning C4305: 'argument' : truncation from 'double' to 'GLfloat'
     1>TR Asdos Grafkom E.cpp(1410): warning C4305: 'argument' : truncation from 'double' to 'GLfloat'
     1>TR Asdos Grafkom E.cpp(1411): warning C4305: 'argument' : truncation from 'double' to 'GLfloat'
     1>TR Asdos Grafkom E.cpp(1412): warning C4305: 'argument' : truncation from 'double' to 'GLfloat'
     1>TR Asdos Grafkom E.cpp(1413): warning C4305: 'argument' : truncation from 'double' to 'GLfloat'
     1>TR Asdos Grafkom E.cpp(1416): warning C4305: 'argument' : truncation from 'double' to 'GLfloat'
     1>TR Asdos Grafkom E.cpp(1416): warning C4305: 'argument' : truncation from 'double' to 'GLfloat'
     1>TR Asdos Grafkom E.cpp(1416): warning C4305: 'argument' : truncation from 'double' to 'GLfloat'
     1>TR Asdos Grafkom E.cpp(1417): warning C4305: 'argument' : truncation from 'double' to 'GLfloat'
     1>TR Asdos Grafkom E.cpp(1418): warning C4305: 'argument' : truncation from 'double' to 'GLfloat'
     1>TR Asdos Grafkom E.cpp(1419): warning C4305: 'argument' : truncation from 'double' to 'GLfloat'
     1>TR Asdos Grafkom E.cpp(1420): warning C4305: 'argument' : truncation from 'double' to 'GLfloat'
     1>TR Asdos Grafkom E.cpp(1423): warning C4305: 'argument' : truncation from 'double' to 'GLfloat'
     1>TR Asdos Grafkom E.cpp(1423): warning C4305: 'argument' : truncation from 'double' to 'GLfloat'
     1>TR Asdos Grafkom E.cpp(1423): warning C4305: 'argument' : truncation from 'double' to 'GLfloat'
     1>TR Asdos Grafkom E.cpp(1424): warning C4305: 'argument' : truncation from 'double' to 'GLfloat'
     1>TR Asdos Grafkom E.cpp(1425): warning C4305: 'argument' : truncation from 'double' to 'GLfloat'
     1>TR Asdos Grafkom E.cpp(1426): warning C4305: 'argument' : truncation from 'double' to 'GLfloat'
     1>TR Asdos Grafkom E.cpp(1427): warning C4305: 'argument' : truncation from 'double' to 'GLfloat'
     1>TR Asdos Grafkom E.cpp(1430): warning C4305: 'argument' : truncation from 'double' to 'GLfloat'
     1>TR Asdos Grafkom E.cpp(1430): warning C4305: 'argument' : truncation from 'double' to 'GLfloat'
     1>TR Asdos Grafkom E.cpp(1430): warning C4305: 'argument' : truncation from 'double' to 'GLfloat'
     1>TR Asdos Grafkom E.cpp(1431): warning C4305: 'argument' : truncation from 'double' to 'GLfloat'
     1>TR Asdos Grafkom E.cpp(1432): warning C4305: 'argument' : truncation from 'double' to 'GLfloat'
     1>TR Asdos Grafkom E.cpp(1433): warning C4305: 'argument' : truncation from 'double' to 'GLfloat'
     1>TR Asdos Grafkom E.cpp(1434): warning C4305: 'argument' : truncation from 'double' to 'GLfloat'
     1>TR Asdos Grafkom E.cpp(1437): warning C4305: 'argument' : truncation from 'double' to 'GLfloat'
     1>TR Asdos Grafkom E.cpp(1437): warning C4305: 'argument' : truncation from 'double' to 'GLfloat'
     1>TR Asdos Grafkom E.cpp(1437): warning C4305: 'argument' : truncation from 'double' to 'GLfloat'
     1>TR Asdos Grafkom E.cpp(1438): warning C4305: 'argument' : truncation from 'double' to 'GLfloat'
     1>TR Asdos Grafkom E.cpp(1439): warning C4305: 'argument' : truncation from 'double' to 'GLfloat'
     1>TR Asdos Grafkom E.cpp(1440): warning C4305: 'argument' : truncation from 'double' to 'GLfloat'
     1>TR Asdos Grafkom E.cpp(1441): warning C4305: 'argument' : truncation from 'double' to 'GLfloat'
     1>TR Asdos Grafkom E.cpp(1445): warning C4305: 'argument' : truncation from 'double' to 'GLfloat'
     1>TR Asdos Grafkom E.cpp(1445): warning C4305: 'argument' : truncation from 'double' to 'GLfloat'
     1>TR Asdos Grafkom E.cpp(1445): warning C4305: 'argument' : truncation from 'double' to 'GLfloat'
     1>TR Asdos Grafkom E.cpp(1465): warning C4305: 'argument' : truncation from 'double' to 'GLfloat'
     1>TR Asdos Grafkom E.cpp(1466): warning C4305: 'argument' : truncation from 'double' to 'GLfloat'
     1>TR Asdos Grafkom E.cpp(1467): warning C4305: 'argument' : truncation from 'double' to 'GLfloat'
     1>TR Asdos Grafkom E.cpp(1468): warning C4305: 'argument' : truncation from 'double' to 'GLfloat'
     1>TR Asdos Grafkom E.cpp(1469): warning C4305: 'argument' : truncation from 'double' to 'GLfloat'
     1>TR Asdos Grafkom E.cpp(1473): warning C4305: 'argument' : truncation from 'double' to 'GLfloat'
     1>TR Asdos Grafkom E.cpp(1474): warning C4305: 'argument' : truncation from 'double' to 'GLfloat'
     1>TR Asdos Grafkom E.cpp(1475): warning C4305: 'argument' : truncation from 'double' to 'GLfloat'
     1>TR Asdos Grafkom E.cpp(1476): warning C4305: 'argument' : truncation from 'double' to 'GLfloat'
     1>TR Asdos Grafkom E.cpp(1480): warning C4305: 'argument' : truncation from 'double' to 'GLfloat'
     1>TR Asdos Grafkom E.cpp(1481): warning C4305: 'argument' : truncation from 'double' to 'GLfloat'
     1>TR Asdos Grafkom E.cpp(1484): warning C4305: 'argument' : truncation from 'double' to 'GLfloat'
     1>TR Asdos Grafkom E.cpp(1485): warning C4305: 'argument' : truncation from 'double' to 'GLfloat'
     1>TR Asdos Grafkom E.cpp(1486): warning C4305: 'argument' : truncation from 'double' to 'GLfloat'
     1>TR Asdos Grafkom E.cpp(1487): warning C4305: 'argument' : truncation from 'double' to 'GLfloat'
     1>TR Asdos Grafkom E.cpp(1488): warning C4305: 'argument' : truncation from 'double' to 'GLfloat'
     1>TR Asdos Grafkom E.cpp(1491): warning C4305: 'argument' : truncation from 'double' to 'GLfloat'
     1>TR Asdos Grafkom E.cpp(1492): warning C4305: 'argument' : truncation from 'double' to 'GLfloat'
     1>TR Asdos Grafkom E.cpp(1493): warning C4305: 'argument' : truncation from 'double' to 'GLfloat'
     1>TR Asdos Grafkom E.cpp(1494): warning C4305: 'argument' : truncation from 'double' to 'GLfloat'
     1>TR Asdos Grafkom E.cpp(1495): warning C4305: 'argument' : truncation from 'double' to 'GLfloat'
     1>TR Asdos Grafkom E.cpp(1545): warning C4305: 'argument' : truncation from 'double' to 'GLfloat'
     1>TR Asdos Grafkom E.cpp(1545): warning C4305: 'argument' : truncation from 'double' to 'GLfloat'
     1>TR Asdos Grafkom E.cpp(1545): warning C4305: 'argument' : truncation from 'double' to 'GLfloat'
     1>TR Asdos Grafkom E.cpp(1552): warning C4305: 'argument' : truncation from 'double' to 'GLfloat'
     1>TR Asdos Grafkom E.cpp(1552): warning C4305: 'argument' : truncation from 'double' to 'GLfloat'
     1>TR Asdos Grafkom E.cpp(1552): warning C4305: 'argument' : truncation from 'double' to 'GLfloat'
     1>TR Asdos Grafkom E.cpp(1560): warning C4305: 'argument' : truncation from 'double' to 'GLfloat'
     1>TR Asdos Grafkom E.cpp(1560): warning C4305: 'argument' : truncation from 'double' to 'GLfloat'
     1>TR Asdos Grafkom E.cpp(1560): warning C4305: 'argument' : truncation from 'double' to 'GLfloat'
     1>TR Asdos Grafkom E.cpp(1588): warning C4305: 'argument' : truncation from 'double' to 'GLfloat'
     1>TR Asdos Grafkom E.cpp(1588): warning C4305: 'argument' : truncation from 'double' to 'GLfloat'
     1>TR Asdos Grafkom E.cpp(1588): warning C4305: 'argument' : truncation from 'double' to 'GLfloat'
     1>TR Asdos Grafkom E.cpp(1595): warning C4305: 'argument' : truncation from 'double' to 'GLfloat'
     1>TR Asdos Grafkom E.cpp(1595): warning C4305: 'argument' : truncation from 'double' to 'GLfloat'
     1>TR Asdos Grafkom E.cpp(1595): warning C4305: 'argument' : truncation from 'double' to 'GLfloat'
     1>TR Asdos Grafkom E.cpp(1601): warning C4305: 'argument' : truncation from 'double' to 'GLfloat'
     1>TR Asdos Grafkom E.cpp(1601): warning C4305: 'argument' : truncation from 'double' to 'GLfloat'
     1>TR Asdos Grafkom E.cpp(1601): warning C4305: 'argument' : truncation from 'double' to 'GLfloat'
     1>TR Asdos Grafkom E.cpp(1607): warning C4305: 'argument' : truncation from 'double' to 'GLfloat'
     1>TR Asdos Grafkom E.cpp(1607): warning C4305: 'argument' : truncation from 'double' to 'GLfloat'
     1>TR Asdos Grafkom E.cpp(1607): warning C4305: 'argument' : truncation from 'double' to 'GLfloat'
     1>TR Asdos Grafkom E.cpp(1613): warning C4305: 'argument' : truncation from 'double' to 'GLfloat'
     1>TR Asdos Grafkom E.cpp(1613): warning C4305: 'argument' : truncation from 'double' to 'GLfloat'
     1>TR Asdos Grafkom E.cpp(1613): warning C4305: 'argument' : truncation from 'double' to 'GLfloat'
     1>TR Asdos Grafkom E.cpp(1619): warning C4305: 'argument' : truncation from 'double' to 'GLfloat'
     1>TR Asdos Grafkom E.cpp(1619): warning C4305: 'argument' : truncation from 'double' to 'GLfloat'
     1>TR Asdos Grafkom E.cpp(1619): warning C4305: 'argument' : truncation from 'double' to 'GLfloat'
     1>TR Asdos Grafkom E.cpp(1626): warning C4305: 'argument' : truncation from 'double' to 'GLfloat'
     1>TR Asdos Grafkom E.cpp(1626): warning C4305: 'argument' : truncation from 'double' to 'GLfloat'
     1>TR Asdos Grafkom E.cpp(1635): warning C4305: 'argument' : truncation from 'double' to 'GLfloat'
     1>TR Asdos Grafkom E.cpp(1637): warning C4305: 'argument' : truncation from 'double' to 'GLfloat'
     1>TR Asdos Grafkom E.cpp(1643): warning C4305: 'argument' : truncation from 'double' to 'GLfloat'
     1>TR Asdos Grafkom E.cpp(1646): warning C4305: 'argument' : truncation from 'double' to 'GLfloat'
     1>TR Asdos Grafkom E.cpp(1650): warning C4305: 'argument' : truncation from 'double' to 'GLfloat'
     1>TR Asdos Grafkom E.cpp(1657): warning C4305: 'argument' : truncation from 'double' to 'GLfloat'
     1>TR Asdos Grafkom E.cpp(1666): warning C4305: 'argument' : truncation from 'double' to 'GLfloat'
     1>TR Asdos Grafkom E.cpp(1668): warning C4305: 'argument' : truncation from 'double' to 'GLfloat'
     1>TR Asdos Grafkom E.cpp(1673): warning C4305: 'argument' : truncation from 'double' to 'GLfloat'
     1>TR Asdos Grafkom E.cpp(1673): warning C4305: 'argument' : truncation from 'double' to 'GLfloat'
     1>TR Asdos Grafkom E.cpp(1673): warning C4305: 'argument' : truncation from 'double' to 'GLfloat'
     1>TR Asdos Grafkom E.cpp(1674): warning C4305: 'argument' : truncation from 'double' to 'GLfloat'
     1>TR Asdos Grafkom E.cpp(1675): warning C4305: 'argument' : truncation from 'double' to 'GLfloat'
     1>TR Asdos Grafkom E.cpp(1681): warning C4305: 'argument' : truncation from 'double' to 'GLfloat'
     1>TR Asdos Grafkom E.cpp(1683): warning C4305: 'argument' : truncation from 'double' to 'GLfloat'
     1>TR Asdos Grafkom E.cpp(1687): warning C4305: 'argument' : truncation from 'double' to 'GLfloat'
     1>TR Asdos Grafkom E.cpp(1687): warning C4305: 'argument' : truncation from 'double' to 'GLfloat'
     1>TR Asdos Grafkom E.cpp(1687): warning C4305: 'argument' : truncation from 'double' to 'GLfloat'
     1>TR Asdos Grafkom E.cpp(1689): warning C4305: 'argument' : truncation from 'double' to 'GLfloat'
     1>TR Asdos Grafkom E.cpp(1693): warning C4305: 'argument' : truncation from 'double' to 'GLfloat'
     1>TR Asdos Grafkom E.cpp(1695): warning C4305: 'argument' : truncation from 'double' to 'GLfloat'
     1>TR Asdos Grafkom E.cpp(1702): warning C4305: 'argument' : truncation from 'double' to 'GLfloat'
     1>TR Asdos Grafkom E.cpp(1710): warning C4305: 'argument' : truncation from 'double' to 'GLfloat'
     1>TR Asdos Grafkom E.cpp(1710): warning C4305: 'argument' : truncation from 'double' to 'GLfloat'
     1>TR Asdos Grafkom E.cpp(1712): warning C4305: 'argument' : truncation from 'double' to 'GLfloat'
     1>TR Asdos Grafkom E.cpp(1721): warning C4305: 'argument' : truncation from 'double' to 'GLfloat'
     1>TR Asdos Grafkom E.cpp(1721): warning C4305: 'argument' : truncation from 'double' to 'GLfloat'
     1>TR Asdos Grafkom E.cpp(1721): warning C4305: 'argument' : truncation from 'double' to 'GLfloat'
     1>TR Asdos Grafkom E.cpp(1723): warning C4305: 'argument' : truncation from 'double' to 'GLfloat'
     1>TR Asdos Grafkom E.cpp(1730): warning C4305: 'argument' : truncation from 'double' to 'GLfloat'
     1>TR Asdos Grafkom E.cpp(1730): warning C4305: 'argument' : truncation from 'double' to 'GLfloat'
     1>TR Asdos Grafkom E.cpp(1730): warning C4305: 'argument' : truncation from 'double' to 'GLfloat'
     1>TR Asdos Grafkom E.cpp(1732): warning C4305: 'argument' : truncation from 'double' to 'GLfloat'
     1>TR Asdos Grafkom E.cpp(1740): warning C4305: 'argument' : truncation from 'double' to 'GLfloat'
     1>TR Asdos Grafkom E.cpp(1740): warning C4305: 'argument' : truncation from 'double' to 'GLfloat'
     1>TR Asdos Grafkom E.cpp(1740): warning C4305: 'argument' : truncation from 'double' to 'GLfloat'
     1>TR Asdos Grafkom E.cpp(1746): warning C4305: 'argument' : truncation from 'double' to 'GLfloat'
     1>TR Asdos Grafkom E.cpp(1746): warning C4305: 'argument' : truncation from 'double' to 'GLfloat'
     1>TR Asdos Grafkom E.cpp(1746): warning C4305: 'argument' : truncation from 'double' to 'GLfloat'
     1>TR Asdos Grafkom E.cpp(1752): warning C4305: 'argument' : truncation from 'double' to 'GLfloat'
     1>TR Asdos Grafkom E.cpp(1752): warning C4305: 'argument' : truncation from 'double' to 'GLfloat'
     1>TR Asdos Grafkom E.cpp(1752): warning C4305: 'argument' : truncation from 'double' to 'GLfloat'
     1>TR Asdos Grafkom E.cpp(1758): warning C4305: 'argument' : truncation from 'double' to 'GLfloat'
     1>TR Asdos Grafkom E.cpp(1758): warning C4305: 'argument' : truncation from 'double' to 'GLfloat'
     1>TR Asdos Grafkom E.cpp(1758): warning C4305: 'argument' : truncation from 'double' to 'GLfloat'
     1>TR Asdos Grafkom E.cpp(1759): warning C4305: 'argument' : truncation from 'double' to 'GLfloat'
     1>TR Asdos Grafkom E.cpp(1760): warning C4305: 'argument' : truncation from 'double' to 'GLfloat'
     1>TR Asdos Grafkom E.cpp(1761): warning C4305: 'argument' : truncation from 'double' to 'GLfloat'
     1>TR Asdos Grafkom E.cpp(1787): warning C4305: 'argument' : truncation from 'double' to 'GLfloat'
     1>TR Asdos Grafkom E.cpp(1788): warning C4305: 'argument' : truncation from 'double' to 'GLfloat'
     1>TR Asdos Grafkom E.cpp(1789): warning C4305: 'argument' : truncation from 'double' to 'GLfloat'
     1>TR Asdos Grafkom E.cpp(1790): warning C4305: 'argument' : truncation from 'double' to 'GLfloat'
     1>TR Asdos Grafkom E.cpp(1791): warning C4305: 'argument' : truncation from 'double' to 'GLfloat'
     1>TR Asdos Grafkom E.cpp(1794): warning C4305: 'argument' : truncation from 'double' to 'GLfloat'
     1>TR Asdos Grafkom E.cpp(1795): warning C4305: 'argument' : truncation from 'double' to 'GLfloat'
     1>TR Asdos Grafkom E.cpp(1796): warning C4305: 'argument' : truncation from 'double' to 'GLfloat'
     1>TR Asdos Grafkom E.cpp(1797): warning C4305: 'argument' : truncation from 'double' to 'GLfloat'
     1>TR Asdos Grafkom E.cpp(1798): warning C4305: 'argument' : truncation from 'double' to 'GLfloat'
     1>TR Asdos Grafkom E.cpp(1803): warning C4305: 'argument' : truncation from 'double' to 'GLfloat'
     1>TR Asdos Grafkom E.cpp(1804): warning C4305: 'argument' : truncation from 'double' to 'GLfloat'
     1>TR Asdos Grafkom E.cpp(1805): warning C4305: 'argument' : truncation from 'double' to 'GLfloat'
     1>TR Asdos Grafkom E.cpp(1806): warning C4305: 'argument' : truncation from 'double' to 'GLfloat'
     1>TR Asdos Grafkom E.cpp(1807): warning C4305: 'argument' : truncation from 'double' to 'GLfloat'
     1>TR Asdos Grafkom E.cpp(1810): warning C4305: 'argument' : truncation from 'double' to 'GLfloat'
     1>TR Asdos Grafkom E.cpp(1811): warning C4305: 'argument' : truncation from 'double' to 'GLfloat'
     1>TR Asdos Grafkom E.cpp(1812): warning C4305: 'argument' : truncation from 'double' to 'GLfloat'
     1>TR Asdos Grafkom E.cpp(1813): warning C4305: 'argument' : truncation from 'double' to 'GLfloat'
     1>TR Asdos Grafkom E.cpp(1814): warning C4305: 'argument' : truncation from 'double' to 'GLfloat'
     1>TR Asdos Grafkom E.cpp(1818): warning C4305: 'argument' : truncation from 'double' to 'GLfloat'
     1>TR Asdos Grafkom E.cpp(1819): warning C4305: 'argument' : truncation from 'double' to 'GLfloat'
     1>TR Asdos Grafkom E.cpp(1820): warning C4305: 'argument' : truncation from 'double' to 'GLfloat'
     1>TR Asdos Grafkom E.cpp(1821): warning C4305: 'argument' : truncation from 'double' to 'GLfloat'
     1>TR Asdos Grafkom E.cpp(1822): warning C4305: 'argument' : truncation from 'double' to 'GLfloat'
     1>TR Asdos Grafkom E.cpp(1826): warning C4305: 'argument' : truncation from 'double' to 'GLfloat'
     1>TR Asdos Grafkom E.cpp(1827): warning C4305: 'argument' : truncation from 'double' to 'GLfloat'
     1>TR Asdos Grafkom E.cpp(1828): warning C4305: 'argument' : truncation from 'double' to 'GLfloat'
     1>TR Asdos Grafkom E.cpp(1829): warning C4305: 'argument' : truncation from 'double' to 'GLfloat'
     1>TR Asdos Grafkom E.cpp(1830): warning C4305: 'argument' : truncation from 'double' to 'GLfloat'
     1>TR Asdos Grafkom E.cpp(1836): warning C4305: 'argument' : truncation from 'double' to 'GLfloat'
     1>TR Asdos Grafkom E.cpp(1837): warning C4305: 'argument' : truncation from 'double' to 'GLfloat'
     1>TR Asdos Grafkom E.cpp(1838): warning C4305: 'argument' : truncation from 'double' to 'GLfloat'
     1>TR Asdos Grafkom E.cpp(1839): warning C4305: 'argument' : truncation from 'double' to 'GLfloat'
     1>TR Asdos Grafkom E.cpp(1843): warning C4305: 'argument' : truncation from 'double' to 'GLfloat'
     1>TR Asdos Grafkom E.cpp(1843): warning C4305: 'argument' : truncation from 'double' to 'GLfloat'
     1>TR Asdos Grafkom E.cpp(1843): warning C4305: 'argument' : truncation from 'double' to 'GLfloat'
     1>TR Asdos Grafkom E.cpp(1844): warning C4305: 'argument' : truncation from 'double' to 'GLfloat'
     1>TR Asdos Grafkom E.cpp(1845): warning C4305: 'argument' : truncation from 'double' to 'GLfloat'
     1>TR Asdos Grafkom E.cpp(1846): warning C4305: 'argument' : truncation from 'double' to 'GLfloat'
     1>TR Asdos Grafkom E.cpp(1851): warning C4305: 'argument' : truncation from 'double' to 'GLfloat'
     1>TR Asdos Grafkom E.cpp(1852): warning C4305: 'argument' : truncation from 'double' to 'GLfloat'
     1>TR Asdos Grafkom E.cpp(1853): warning C4305: 'argument' : truncation from 'double' to 'GLfloat'
     1>TR Asdos Grafkom E.cpp(1859): warning C4305: 'argument' : truncation from 'double' to 'GLfloat'
     1>TR Asdos Grafkom E.cpp(1860): warning C4305: 'argument' : truncation from 'double' to 'GLfloat'
     1>TR Asdos Grafkom E.cpp(1861): warning C4305: 'argument' : truncation from 'double' to 'GLfloat'
     1>TR Asdos Grafkom E.cpp(1867): warning C4305: 'argument' : truncation from 'double' to 'GLfloat'
     1>TR Asdos Grafkom E.cpp(1868): warning C4305: 'argument' : truncation from 'double' to 'GLfloat'
     1>TR Asdos Grafkom E.cpp(1869): warning C4305: 'argument' : truncation from 'double' to 'GLfloat'
     1>TR Asdos Grafkom E.cpp(1875): warning C4305: 'argument' : truncation from 'double' to 'GLfloat'
     1>TR Asdos Grafkom E.cpp(1876): warning C4305: 'argument' : truncation from 'double' to 'GLfloat'
     1>TR Asdos Grafkom E.cpp(1877): warning C4305: 'argument' : truncation from 'double' to 'GLfloat'
     1>TR Asdos Grafkom E.cpp(1884): warning C4305: 'argument' : truncation from 'double' to 'GLfloat'
     1>TR Asdos Grafkom E.cpp(1885): warning C4305: 'argument' : truncation from 'double' to 'GLfloat'
     1>TR Asdos Grafkom E.cpp(1886): warning C4305: 'argument' : truncation from 'double' to 'GLfloat'
     1>TR Asdos Grafkom E.cpp(1892): warning C4305: 'argument' : truncation from 'double' to 'GLfloat'
     1>TR Asdos Grafkom E.cpp(1892): warning C4305: 'argument' : truncation from 'double' to 'GLfloat'
     1>TR Asdos Grafkom E.cpp(1892): warning C4305: 'argument' : truncation from 'double' to 'GLfloat'
     1>TR Asdos Grafkom E.cpp(1893): warning C4305: 'argument' : truncation from 'double' to 'GLfloat'
     1>TR Asdos Grafkom E.cpp(1894): warning C4305: 'argument' : truncation from 'double' to 'GLfloat'
     1>TR Asdos Grafkom E.cpp(1900): warning C4305: 'argument' : truncation from 'double' to 'GLfloat'
     1>TR Asdos Grafkom E.cpp(1901): warning C4305: 'argument' : truncation from 'double' to 'GLfloat'
     1>TR Asdos Grafkom E.cpp(1902): warning C4305: 'argument' : truncation from 'double' to 'GLfloat'
     1>TR Asdos Grafkom E.cpp(1908): warning C4305: 'argument' : truncation from 'double' to 'GLfloat'
     1>TR Asdos Grafkom E.cpp(1908): warning C4305: 'argument' : truncation from 'double' to 'GLfloat'
     1>TR Asdos Grafkom E.cpp(1908): warning C4305: 'argument' : truncation from 'double' to 'GLfloat'
     1>TR Asdos Grafkom E.cpp(1909): warning C4305: 'argument' : truncation from 'double' to 'GLfloat'
     1>TR Asdos Grafkom E.cpp(1910): warning C4305: 'argument' : truncation from 'double' to 'GLfloat'
     1>TR Asdos Grafkom E.cpp(1919): warning C4305: 'argument' : truncation from 'double' to 'GLfloat'
     1>TR Asdos Grafkom E.cpp(1919): warning C4305: 'argument' : truncation from 'double' to 'GLfloat'
     1>TR Asdos Grafkom E.cpp(1919): warning C4305: 'argument' : truncation from 'double' to 'GLfloat'
     1>TR Asdos Grafkom E.cpp(1921): warning C4305: 'argument' : truncation from 'double' to 'GLfloat'
     1>TR Asdos Grafkom E.cpp(1925): warning C4305: 'argument' : truncation from 'double' to 'GLfloat'
     1>TR Asdos Grafkom E.cpp(1925): warning C4305: 'argument' : truncation from 'double' to 'GLfloat'
     1>TR Asdos Grafkom E.cpp(1925): warning C4305: 'argument' : truncation from 'double' to 'GLfloat'
     1>TR Asdos Grafkom E.cpp(1926): warning C4305: 'argument' : truncation from 'double' to 'GLfloat'
     1>TR Asdos Grafkom E.cpp(1927): warning C4305: 'argument' : truncation from 'double' to 'GLfloat'
     1>TR Asdos Grafkom E.cpp(1933): warning C4305: 'argument' : truncation from 'double' to 'GLfloat'
     1>TR Asdos Grafkom E.cpp(1933): warning C4305: 'argument' : truncation from 'double' to 'GLfloat'
     1>TR Asdos Grafkom E.cpp(1933): warning C4305: 'argument' : truncation from 'double' to 'GLfloat'
     1>TR Asdos Grafkom E.cpp(1935): warning C4305: 'argument' : truncation from 'double' to 'GLfloat'
     1>TR Asdos Grafkom E.cpp(1942): warning C4305: 'argument' : truncation from 'double' to 'GLfloat'
     1>TR Asdos Grafkom E.cpp(1942): warning C4305: 'argument' : truncation from 'double' to 'GLfloat'
     1>TR Asdos Grafkom E.cpp(1942): warning C4305: 'argument' : truncation from 'double' to 'GLfloat'
     1>TR Asdos Grafkom E.cpp(1944): warning C4305: 'argument' : truncation from 'double' to 'GLfloat'
     1>TR Asdos Grafkom E.cpp(1948): warning C4305: 'argument' : truncation from 'double' to 'GLfloat'
     1>TR Asdos Grafkom E.cpp(1948): warning C4305: 'argument' : truncation from 'double' to 'GLfloat'
     1>TR Asdos Grafkom E.cpp(1948): warning C4305: 'argument' : truncation from 'double' to 'GLfloat'
     1>TR Asdos Grafkom E.cpp(1949): warning C4305: 'argument' : truncation from 'double' to 'GLfloat'
     1>TR Asdos Grafkom E.cpp(1950): warning C4305: 'argument' : truncation from 'double' to 'GLfloat'
     1>TR Asdos Grafkom E.cpp(1956): warning C4305: 'argument' : truncation from 'double' to 'GLfloat'
     1>TR Asdos Grafkom E.cpp(1956): warning C4305: 'argument' : truncation from 'double' to 'GLfloat'
     1>TR Asdos Grafkom E.cpp(1958): warning C4305: 'argument' : truncation from 'double' to 'GLfloat'
     1>TR Asdos Grafkom E.cpp(1965): warning C4305: 'argument' : truncation from 'double' to 'GLfloat'
     1>TR Asdos Grafkom E.cpp(1965): warning C4305: 'argument' : truncation from 'double' to 'GLfloat'
     1>TR Asdos Grafkom E.cpp(1965): warning C4305: 'argument' : truncation from 'double' to 'GLfloat'
     1>TR Asdos Grafkom E.cpp(1966): warning C4305: 'argument' : truncation from 'double' to 'GLfloat'
     1>TR Asdos Grafkom E.cpp(1967): warning C4305: 'argument' : truncation from 'double' to 'GLfloat'
     1>TR Asdos Grafkom E.cpp(1968): warning C4305: 'argument' : truncation from 'double' to 'GLfloat'
     1>TR Asdos Grafkom E.cpp(1969): warning C4305: 'argument' : truncation from 'double' to 'GLfloat'
     1>TR Asdos Grafkom E.cpp(1972): warning C4305: 'argument' : truncation from 'double' to 'GLfloat'
     1>TR Asdos Grafkom E.cpp(1973): warning C4305: 'argument' : truncation from 'double' to 'GLfloat'
     1>TR Asdos Grafkom E.cpp(1974): warning C4305: 'argument' : truncation from 'double' to 'GLfloat'
     1>TR Asdos Grafkom E.cpp(1979): warning C4305: 'argument' : truncation from 'double' to 'GLfloat'
     1>TR Asdos Grafkom E.cpp(1980): warning C4305: 'argument' : truncation from 'double' to 'GLfloat'
     1>TR Asdos Grafkom E.cpp(1981): warning C4305: 'argument' : truncation from 'double' to 'GLfloat'
     1>TR Asdos Grafkom E.cpp(1987): warning C4305: 'argument' : truncation from 'double' to 'GLfloat'
     1>TR Asdos Grafkom E.cpp(1987): warning C4305: 'argument' : truncation from 'double' to 'GLfloat'
     1>TR Asdos Grafkom E.cpp(1987): warning C4305: 'argument' : truncation from 'double' to 'GLfloat'
     1>TR Asdos Grafkom E.cpp(1988): warning C4305: 'argument' : truncation from 'double' to 'GLfloat'
     1>TR Asdos Grafkom E.cpp(1991): warning C4305: 'argument' : truncation from 'double' to 'GLfloat'
     1>TR Asdos Grafkom E.cpp(1994): warning C4305: 'argument' : truncation from 'double' to 'GLfloat'
     1>TR Asdos Grafkom E.cpp(1995): warning C4305: 'argument' : truncation from 'double' to 'GLfloat'
     1>TR Asdos Grafkom E.cpp(2001): warning C4305: 'argument' : truncation from 'double' to 'GLfloat'
     1>TR Asdos Grafkom E.cpp(2002): warning C4305: 'argument' : truncation from 'double' to 'GLfloat'
     1>TR Asdos Grafkom E.cpp(2011): warning C4305: 'argument' : truncation from 'double' to 'GLfloat'
     1>TR Asdos Grafkom E.cpp(2011): warning C4305: 'argument' : truncation from 'double' to 'GLfloat'
     1>TR Asdos Grafkom E.cpp(2011): warning C4305: 'argument' : truncation from 'double' to 'GLfloat'
     1>TR Asdos Grafkom E.cpp(2018): warning C4305: 'argument' : truncation from 'double' to 'GLfloat'
     1>TR Asdos Grafkom E.cpp(2019): warning C4305: 'argument' : truncation from 'double' to 'GLfloat'
     1>TR Asdos Grafkom E.cpp(2020): warning C4305: 'argument' : truncation from 'double' to 'GLfloat'
     1>TR Asdos Grafkom E.cpp(2025): warning C4305: 'argument' : truncation from 'double' to 'GLfloat'
     1>TR Asdos Grafkom E.cpp(2026): warning C4305: 'argument' : truncation from 'double' to 'GLfloat'
     1>TR Asdos Grafkom E.cpp(2027): warning C4305: 'argument' : truncation from 'double' to 'GLfloat'
     1>TR Asdos Grafkom E.cpp(2034): warning C4305: 'argument' : truncation from 'double' to 'GLfloat'
     1>TR Asdos Grafkom E.cpp(2034): warning C4305: 'argument' : truncation from 'double' to 'GLfloat'
     1>TR Asdos Grafkom E.cpp(2034): warning C4305: 'argument' : truncation from 'double' to 'GLfloat'
     1>TR Asdos Grafkom E.cpp(2041): warning C4305: 'argument' : truncation from 'double' to 'GLfloat'
     1>TR Asdos Grafkom E.cpp(2048): warning C4305: 'argument' : truncation from 'double' to 'GLfloat'
     1>TR Asdos Grafkom E.cpp(2056): warning C4305: 'argument' : truncation from 'double' to 'GLfloat'
     1>TR Asdos Grafkom E.cpp(2056): warning C4305: 'argument' : truncation from 'double' to 'GLfloat'
     1>TR Asdos Grafkom E.cpp(2056): warning C4305: 'argument' : truncation from 'double' to 'GLfloat'
     1>TR Asdos Grafkom E.cpp(2063): warning C4305: 'argument' : truncation from 'double' to 'GLfloat'
     1>TR Asdos Grafkom E.cpp(2070): warning C4305: 'argument' : truncation from 'double' to 'GLfloat'
     1>TR Asdos Grafkom E.cpp(2080): warning C4305: 'argument' : truncation from 'double' to 'GLfloat'
     1>TR Asdos Grafkom E.cpp(2080): warning C4305: 'argument' : truncation from 'double' to 'GLfloat'
     1>TR Asdos Grafkom E.cpp(2080): warning C4305: 'argument' : truncation from 'double' to 'GLfloat'
     1>TR Asdos Grafkom E.cpp(2087): warning C4305: 'argument' : truncation from 'double' to 'GLfloat'
     1>TR Asdos Grafkom E.cpp(2088): warning C4305: 'argument' : truncation from 'double' to 'GLfloat'
     1>TR Asdos Grafkom E.cpp(2089): warning C4305: 'argument' : truncation from 'double' to 'GLfloat'
     1>TR Asdos Grafkom E.cpp(2094): warning C4305: 'argument' : truncation from 'double' to 'GLfloat'
     1>TR Asdos Grafkom E.cpp(2095): warning C4305: 'argument' : truncation from 'double' to 'GLfloat'
     1>TR Asdos Grafkom E.cpp(2096): warning C4305: 'argument' : truncation from 'double' to 'GLfloat'
     1>TR Asdos Grafkom E.cpp(2103): warning C4305: 'argument' : truncation from 'double' to 'GLfloat'
     1>TR Asdos Grafkom E.cpp(2103): warning C4305: 'argument' : truncation from 'double' to 'GLfloat'
     1>TR Asdos Grafkom E.cpp(2113): warning C4305: 'argument' : truncation from 'double' to 'GLfloat'
     1>TR Asdos Grafkom E.cpp(2113): warning C4305: 'argument' : truncation from 'double' to 'GLfloat'
     1>TR Asdos Grafkom E.cpp(2113): warning C4305: 'argument' : truncation from 'double' to 'GLfloat'
     1>TR Asdos Grafkom E.cpp(2119): warning C4305: 'argument' : truncation from 'double' to 'GLfloat'
     1>TR Asdos Grafkom E.cpp(2119): warning C4305: 'argument' : truncation from 'double' to 'GLfloat'
     1>TR Asdos Grafkom E.cpp(2126): warning C4305: 'argument' : truncation from 'double' to 'GLfloat'
     1>TR Asdos Grafkom E.cpp(2126): warning C4305: 'argument' : truncation from 'double' to 'GLfloat'
     1>TR Asdos Grafkom E.cpp(2133): warning C4305: 'argument' : truncation from 'double' to 'GLfloat'
     1>TR Asdos Grafkom E.cpp(2133): warning C4305: 'argument' : truncation from 'double' to 'GLfloat'
     1>TR Asdos Grafkom E.cpp(2141): warning C4305: 'argument' : truncation from 'double' to 'GLfloat'
     1>TR Asdos Grafkom E.cpp(2141): warning C4305: 'argument' : truncation from 'double' to 'GLfloat'
     1>TR Asdos Grafkom E.cpp(2148): warning C4305: 'argument' : truncation from 'double' to 'GLfloat'
     1>TR Asdos Grafkom E.cpp(2148): warning C4305: 'argument' : truncation from 'double' to 'GLfloat'
     1>TR Asdos Grafkom E.cpp(2155): warning C4305: 'argument' : truncation from 'double' to 'GLfloat'
     1>TR Asdos Grafkom E.cpp(2155): warning C4305: 'argument' : truncation from 'double' to 'GLfloat'
     1>TR Asdos Grafkom E.cpp(2165): warning C4305: 'argument' : truncation from 'double' to 'GLfloat'
     1>TR Asdos Grafkom E.cpp(2166): warning C4305: 'argument' : truncation from 'double' to 'GLfloat'
     1>TR Asdos Grafkom E.cpp(2167): warning C4305: 'argument' : truncation from 'double' to 'GLfloat'
     1>TR Asdos Grafkom E.cpp(2168): warning C4305: 'argument' : truncation from 'double' to 'GLfloat'
     1>TR Asdos Grafkom E.cpp(2179): warning C4305: 'argument' : truncation from 'double' to 'GLfloat'
     1>TR Asdos Grafkom E.cpp(2182): warning C4305: 'argument' : truncation from 'double' to 'GLfloat'
     1>TR Asdos Grafkom E.cpp(2186): warning C4305: 'argument' : truncation from 'double' to 'GLfloat'
     1>TR Asdos Grafkom E.cpp(2189): warning C4305: 'argument' : truncation from 'double' to 'GLfloat'
     1>TR Asdos Grafkom E.cpp(2193): warning C4305: 'argument' : truncation from 'double' to 'GLfloat'
     1>TR Asdos Grafkom E.cpp(2196): warning C4305: 'argument' : truncation from 'double' to 'GLfloat'
     1>TR Asdos Grafkom E.cpp(2200): warning C4305: 'argument' : truncation from 'double' to 'GLfloat'
     1>TR Asdos Grafkom E.cpp(2203): warning C4305: 'argument' : truncation from 'double' to 'GLfloat'
     1>TR Asdos Grafkom E.cpp(2208): warning C4305: 'argument' : truncation from 'double' to 'GLfloat'
     1>TR Asdos Grafkom E.cpp(2209): warning C4305: 'argument' : truncation from 'double' to 'GLfloat'
     1>TR Asdos Grafkom E.cpp(2210): warning C4305: 'argument' : truncation from 'double' to 'GLfloat'
     1>TR Asdos Grafkom E.cpp(2216): warning C4305: 'argument' : truncation from 'double' to 'GLfloat'
     1>TR Asdos Grafkom E.cpp(2217): warning C4305: 'argument' : truncation from 'double' to 'GLfloat'
     1>TR Asdos Grafkom E.cpp(2218): warning C4305: 'argument' : truncation from 'double' to 'GLfloat'
     1>TR Asdos Grafkom E.cpp(2219): warning C4305: 'argument' : truncation from 'double' to 'GLfloat'
     1>TR Asdos Grafkom E.cpp(2219): warning C4305: 'argument' : truncation from 'double' to 'GLfloat'
     1>TR Asdos Grafkom E.cpp(2220): warning C4305: 'argument' : truncation from 'double' to 'GLfloat'
     1>TR Asdos Grafkom E.cpp(2220): warning C4305: 'argument' : truncation from 'double' to 'GLfloat'
     1>TR Asdos Grafkom E.cpp(2224): warning C4305: 'argument' : truncation from 'double' to 'GLfloat'
     1>TR Asdos Grafkom E.cpp(2227): warning C4305: 'argument' : truncation from 'double' to 'GLfloat'
     1>TR Asdos Grafkom E.cpp(2228): warning C4305: 'argument' : truncation from 'double' to 'GLfloat'
     1>TR Asdos Grafkom E.cpp(2233): warning C4305: 'argument' : truncation from 'double' to 'GLfloat'
     1>TR Asdos Grafkom E.cpp(2233): warning C4305: 'argument' : truncation from 'double' to 'GLfloat'
     1>TR Asdos Grafkom E.cpp(2234): warning C4305: 'argument' : truncation from 'double' to 'GLfloat'
     1>TR Asdos Grafkom E.cpp(2234): warning C4305: 'argument' : truncation from 'double' to 'GLfloat'
     1>TR Asdos Grafkom E.cpp(2235): warning C4305: 'argument' : truncation from 'double' to 'GLfloat'
     1>TR Asdos Grafkom E.cpp(2236): warning C4305: 'argument' : truncation from 'double' to 'GLfloat'
     1>TR Asdos Grafkom E.cpp(2240): warning C4305: 'argument' : truncation from 'double' to 'GLfloat'
     1>TR Asdos Grafkom E.cpp(2241): warning C4305: 'argument' : truncation from 'double' to 'GLfloat'
     1>TR Asdos Grafkom E.cpp(2241): warning C4305: 'argument' : truncation from 'double' to 'GLfloat'
     1>TR Asdos Grafkom E.cpp(2242): warning C4305: 'argument' : truncation from 'double' to 'GLfloat'
     1>TR Asdos Grafkom E.cpp(2247): warning C4305: 'argument' : truncation from 'double' to 'GLfloat'
     1>TR Asdos Grafkom E.cpp(2248): warning C4305: 'argument' : truncation from 'double' to 'GLfloat'
     1>TR Asdos Grafkom E.cpp(2248): warning C4305: 'argument' : truncation from 'double' to 'GLfloat'
     1>TR Asdos Grafkom E.cpp(2249): warning C4305: 'argument' : truncation from 'double' to 'GLfloat'
     1>TR Asdos Grafkom E.cpp(2255): warning C4305: 'argument' : truncation from 'double' to 'GLfloat'
     1>TR Asdos Grafkom E.cpp(2256): warning C4305: 'argument' : truncation from 'double' to 'GLfloat'
     1>TR Asdos Grafkom E.cpp(2262): warning C4305: 'argument' : truncation from 'double' to 'GLfloat'
     1>TR Asdos Grafkom E.cpp(2262): warning C4305: 'argument' : truncation from 'double' to 'GLfloat'
     1>TR Asdos Grafkom E.cpp(2263): warning C4305: 'argument' : truncation from 'double' to 'GLfloat'
       Link:
         C:\Program Files (x86)\Microsoft Visual Studio 10.0\VC\bin\link.exe /ERRORREPORT:PROMPT /OUT:"C:\Users\Georgegege\Documents\Visual Studio 2010\Projects\NewOpenGL\TR_GRAFKOM_672018014\Debug\NewOpenGL.exe" /NOLOGO /LIBPATH:"C:\Users\Georgegege\Downloads\Glew and Glut\glew-1.11.0\lib" /LIBPATH:"C:\Users\Georgegege\Downloads\Glew and Glut\freeglut\lib" freeglut.lib glew32.lib kernel32.lib user32.lib gdi32.lib winspool.lib comdlg32.lib advapi32.lib shell32.lib ole32.lib oleaut32.lib uuid.lib odbc32.lib odbccp32.lib /MANIFEST /ManifestFile:"Debug\NewOpenGL.exe.intermediate.manifest" /MANIFESTUAC:"level='asInvoker' uiAccess='false'" /DEBUG /PDB:"C:\Users\Georgegege\Documents\Visual Studio 2010\Projects\NewOpenGL\TR_GRAFKOM_672018014\Debug\NewOpenGL.pdb" /TLBID:1 /DYNAMICBASE /NXCOMPAT /IMPLIB:"C:\Users\Georgegege\Documents\Visual Studio 2010\Projects\NewOpenGL\TR_GRAFKOM_672018014\Debug\NewOpenGL.lib" /MACHINE:X86 "Debug\TR Asdos Grafkom E.obj"
         LINK : C:\Users\Georgegege\Documents\Visual Studio 2010\Projects\NewOpenGL\TR_GRAFKOM_672018014\Debug\NewOpenGL.exe not found or not built by the last incremental link; performing full link
         NewOpenGL.vcxproj -> C:\Users\Georgegege\Documents\Visual Studio 2010\Projects\NewOpenGL\TR_GRAFKOM_672018014\Debug\NewOpenGL.exe
       Manifest:
         C:\Program Files (x86)\Microsoft SDKs\Windows\v7.0A\bin\mt.exe /nologo /verbose /outputresource:"C:\Users\Georgegege\Documents\Visual Studio 2010\Projects\NewOpenGL\TR_GRAFKOM_672018014\Debug\NewOpenGL.exe;#1" /manifest Debug\NewOpenGL.exe.intermediate.manifest
       FinalizeBuildStatus:
         Deleting file "Debug\NewOpenGL.unsuccessfulbuild".
         Touching "Debug\NewOpenGL.lastbuildstate".
     1>Done Building Project "C:\Users\Georgegege\Documents\Visual Studio 2010\Projects\NewOpenGL\TR_GRAFKOM_672018014\NewOpenGL.vcxproj" (build target(s)).

Build succeeded.

Time Elapsed 00:00:03.02
